2025-04-22 10:33:35,925 WARN c.z.h.p.HikariPool$HouseKeeper [HikariPool-1 housekeeper] HikariPool-1 - Thread starvation or clock leap detected (housekeeper delta=19h21s211ms391µs700ns).
2025-04-22 15:58:24,927 INFO o.h.v.i.u.Version [background-preinit] HV000001: Hibernate Validator 8.0.1.Final
2025-04-22 15:58:25,092 INFO o.s.b.StartupInfoLogger [main] Starting UsuariosSpaApplication using Java 17.0.13 with PID 7764 (C:\Users\carls\user.spa.api\target\classes started by Familia Hernando in C:\Users\carls\user.spa.api)
2025-04-22 15:58:25,097 DEBUG o.s.b.StartupInfoLogger [main] Running with Spring Boot v3.1.5, Spring v6.0.13
2025-04-22 15:58:25,102 INFO o.s.b.SpringApplication [main] No active profile set, falling back to 1 default profile: "default"
2025-04-22 15:58:28,166 INFO o.s.d.r.c.RepositoryConfigurationDelegate [main] Bootstrapping Spring Data JPA repositories in DEFAULT mode.
2025-04-22 15:58:28,304 INFO o.s.d.r.c.RepositoryConfigurationDelegate [main] Finished Spring Data repository scanning in 128 ms. Found 2 JPA repository interfaces.
2025-04-22 15:58:29,434 INFO o.s.b.w.e.t.TomcatWebServer [main] Tomcat initialized with port(s): 8080 (http)
2025-04-22 15:58:29,450 INFO o.a.j.l.DirectJDKLog [main] Initializing ProtocolHandler ["http-nio-8080"]
2025-04-22 15:58:29,459 INFO o.a.j.l.DirectJDKLog [main] Starting service [Tomcat]
2025-04-22 15:58:29,459 INFO o.a.j.l.DirectJDKLog [main] Starting Servlet engine: [Apache Tomcat/10.1.15]
2025-04-22 15:58:29,688 INFO o.a.j.l.DirectJDKLog [main] Initializing Spring embedded WebApplicationContext
2025-04-22 15:58:29,707 INFO o.s.b.w.s.c.ServletWebServerApplicationContext [main] Root WebApplicationContext: initialization completed in 4413 ms
2025-04-22 15:58:29,976 INFO o.h.j.i.u.LogHelper [main] HHH000204: Processing PersistenceUnitInfo [name: default]
2025-04-22 15:58:30,089 INFO o.h.Version [main] HHH000412: Hibernate ORM core version 6.2.13.Final
2025-04-22 15:58:30,108 INFO o.h.c.Environment [main] HHH000406: Using bytecode reflection optimizer
2025-04-22 15:58:30,619 INFO o.s.o.j.p.SpringPersistenceUnitInfo [main] No LoadTimeWeaver setup: ignoring JPA class transformer
2025-04-22 15:58:30,668 INFO c.z.h.HikariDataSource [main] HikariPool-1 - Starting...
2025-04-22 15:58:31,053 INFO c.z.h.p.HikariPool [main] HikariPool-1 - Added connection org.postgresql.jdbc.PgConnection@4a9b92c6
2025-04-22 15:58:31,069 INFO c.z.h.HikariDataSource [main] HikariPool-1 - Start completed.
2025-04-22 15:58:31,202 WARN o.h.e.j.d.i.DialectFactoryImpl [main] HHH90000025: PostgreSQLDialect does not need to be specified explicitly using 'hibernate.dialect' (remove the property setting and it will be selected by default)
2025-04-22 15:58:31,238 DEBUG o.h.t.d.s.s.DdlTypeRegistry [main] addDescriptor(6, org.hibernate.type.descriptor.sql.internal.CapacityDependentDdlType@40fe8fd5) replaced previous registration(org.hibernate.type.descriptor.sql.internal.DdlTypeImpl@37ffe4f3)
2025-04-22 15:58:33,475 INFO o.h.e.t.j.p.i.JtaPlatformInitiator [main] HHH000489: No JTA platform available (set 'hibernate.transaction.jta.platform' to enable JTA platform integration)
2025-04-22 15:58:33,753 INFO o.s.o.j.AbstractEntityManagerFactoryBean [main] Initialized JPA EntityManagerFactory for persistence unit 'default'
2025-04-22 15:58:34,878 WARN o.s.b.a.o.j.JpaBaseConfiguration$JpaWebConfiguration [main] spring.jpa.open-in-view is enabled by default. Therefore, database queries may be performed during view rendering. Explicitly configure spring.jpa.open-in-view to disable this warning
2025-04-22 15:58:35,179 INFO o.s.b.a.w.s.WelcomePageHandlerMapping [main] Adding welcome page template: index
2025-04-22 15:58:35,700 INFO o.a.j.l.DirectJDKLog [main] Starting ProtocolHandler ["http-nio-8080"]
2025-04-22 15:58:35,738 INFO o.s.b.w.e.t.TomcatWebServer [main] Tomcat started on port(s): 8080 (http) with context path ''
2025-04-22 15:58:35,771 INFO o.s.b.StartupInfoLogger [main] Started UsuariosSpaApplication in 13.838 seconds (process running for 14.771)
2025-04-22 15:58:35,919 INFO o.a.j.l.DirectJDKLog [http-nio-8080-exec-1] Initializing Spring DispatcherServlet 'dispatcherServlet'
2025-04-22 15:58:35,919 INFO o.s.w.s.FrameworkServlet [http-nio-8080-exec-1] Initializing Servlet 'dispatcherServlet'
2025-04-22 15:58:35,926 INFO o.s.w.s.FrameworkServlet [http-nio-8080-exec-1] Completed initialization in 7 ms
2025-04-22 15:58:36,052 DEBUG c.e.u.s.UsuarioServiceImpl [http-nio-8080-exec-1] Buscando usuario con ID: 1
2025-04-22 15:58:36,157 DEBUG o.h.e.j.s.SqlStatementLogger [http-nio-8080-exec-1] 
    select
        u1_0.id,
        u1_0.apellido,
        u1_0.ciudad,
        u1_0.correo,
        u1_0.edad,
        u1_0.estado,
        u1_0.fecha_actualizacion,
        u1_0.fecha_creacion,
        u1_0.fecha_nacimiento,
        u1_0.grupo_trabajo_id,
        u1_0.nombre,
        u1_0.profesion,
        u1_0.provincia,
        u1_0.rol,
        u1_0.sexo,
        u1_0.version 
    from
        usuarios u1_0 
    where
        u1_0.id=?
2025-04-22 15:58:38,217 DEBUG c.e.u.s.UsuarioServiceImpl [http-nio-8080-exec-4] Buscando usuario con ID: 1
2025-04-22 15:58:38,221 DEBUG o.h.e.j.s.SqlStatementLogger [http-nio-8080-exec-4] 
    select
        u1_0.id,
        u1_0.apellido,
        u1_0.ciudad,
        u1_0.correo,
        u1_0.edad,
        u1_0.estado,
        u1_0.fecha_actualizacion,
        u1_0.fecha_creacion,
        u1_0.fecha_nacimiento,
        u1_0.grupo_trabajo_id,
        u1_0.nombre,
        u1_0.profesion,
        u1_0.provincia,
        u1_0.rol,
        u1_0.sexo,
        u1_0.version 
    from
        usuarios u1_0 
    where
        u1_0.id=?
2025-04-22 15:58:39,120 DEBUG c.e.u.s.UsuarioServiceImpl [http-nio-8080-exec-5] Filtrando usuarios por nombre: null, apellido: null, correo: null, edad: null
2025-04-22 15:58:39,255 DEBUG o.h.e.j.s.SqlStatementLogger [http-nio-8080-exec-5] 
    select
        u1_0.id,
        u1_0.apellido,
        u1_0.ciudad,
        u1_0.correo,
        u1_0.edad,
        u1_0.estado,
        u1_0.fecha_actualizacion,
        u1_0.fecha_creacion,
        u1_0.fecha_nacimiento,
        u1_0.grupo_trabajo_id,
        u1_0.nombre,
        u1_0.profesion,
        u1_0.provincia,
        u1_0.rol,
        u1_0.sexo,
        u1_0.version 
    from
        usuarios u1_0
2025-04-22 15:58:39,266 DEBUG c.e.u.s.UsuarioServiceImpl [http-nio-8080-exec-5] Se encontraron 4 usuarios que coinciden con los criterios de búsqueda
2025-04-22 15:58:44,231 DEBUG c.e.u.s.UsuarioServiceImpl [http-nio-8080-exec-10] Filtrando usuarios por nombre: null, apellido: null, correo: null, edad: null
2025-04-22 15:58:44,240 DEBUG o.h.e.j.s.SqlStatementLogger [http-nio-8080-exec-10] 
    select
        u1_0.id,
        u1_0.apellido,
        u1_0.ciudad,
        u1_0.correo,
        u1_0.edad,
        u1_0.estado,
        u1_0.fecha_actualizacion,
        u1_0.fecha_creacion,
        u1_0.fecha_nacimiento,
        u1_0.grupo_trabajo_id,
        u1_0.nombre,
        u1_0.profesion,
        u1_0.provincia,
        u1_0.rol,
        u1_0.sexo,
        u1_0.version 
    from
        usuarios u1_0
2025-04-22 15:58:44,249 DEBUG c.e.u.s.UsuarioServiceImpl [http-nio-8080-exec-10] Se encontraron 4 usuarios que coinciden con los criterios de búsqueda
2025-04-22 16:01:27,897 INFO o.h.v.i.u.Version [background-preinit] HV000001: Hibernate Validator 8.0.1.Final
2025-04-22 16:01:28,094 INFO o.s.b.StartupInfoLogger [main] Starting UsuariosSpaApplication using Java 17.0.13 with PID 17044 (C:\Users\carls\user.spa.api\target\classes started by Familia Hernando in C:\Users\carls\user.spa.api)
2025-04-22 16:01:28,096 DEBUG o.s.b.StartupInfoLogger [main] Running with Spring Boot v3.1.5, Spring v6.0.13
2025-04-22 16:01:28,104 INFO o.s.b.SpringApplication [main] No active profile set, falling back to 1 default profile: "default"
2025-04-22 16:01:29,569 INFO o.s.d.r.c.RepositoryConfigurationDelegate [main] Bootstrapping Spring Data JPA repositories in DEFAULT mode.
2025-04-22 16:01:29,696 INFO o.s.d.r.c.RepositoryConfigurationDelegate [main] Finished Spring Data repository scanning in 109 ms. Found 2 JPA repository interfaces.
2025-04-22 16:01:30,864 INFO o.s.b.w.e.t.TomcatWebServer [main] Tomcat initialized with port(s): 8080 (http)
2025-04-22 16:01:30,887 INFO o.a.j.l.DirectJDKLog [main] Initializing ProtocolHandler ["http-nio-8080"]
2025-04-22 16:01:30,901 INFO o.a.j.l.DirectJDKLog [main] Starting service [Tomcat]
2025-04-22 16:01:30,906 INFO o.a.j.l.DirectJDKLog [main] Starting Servlet engine: [Apache Tomcat/10.1.15]
2025-04-22 16:01:31,240 INFO o.a.j.l.DirectJDKLog [main] Initializing Spring embedded WebApplicationContext
2025-04-22 16:01:31,244 INFO o.s.b.w.s.c.ServletWebServerApplicationContext [main] Root WebApplicationContext: initialization completed in 2958 ms
2025-04-22 16:01:31,566 INFO o.h.j.i.u.LogHelper [main] HHH000204: Processing PersistenceUnitInfo [name: default]
2025-04-22 16:01:31,704 INFO o.h.Version [main] HHH000412: Hibernate ORM core version 6.2.13.Final
2025-04-22 16:01:31,709 INFO o.h.c.Environment [main] HHH000406: Using bytecode reflection optimizer
2025-04-22 16:01:32,233 INFO o.s.o.j.p.SpringPersistenceUnitInfo [main] No LoadTimeWeaver setup: ignoring JPA class transformer
2025-04-22 16:01:32,299 INFO c.z.h.HikariDataSource [main] HikariPool-1 - Starting...
2025-04-22 16:01:32,638 INFO c.z.h.p.HikariPool [main] HikariPool-1 - Added connection org.postgresql.jdbc.PgConnection@f849027
2025-04-22 16:01:32,643 INFO c.z.h.HikariDataSource [main] HikariPool-1 - Start completed.
2025-04-22 16:01:32,748 WARN o.h.e.j.d.i.DialectFactoryImpl [main] HHH90000025: PostgreSQLDialect does not need to be specified explicitly using 'hibernate.dialect' (remove the property setting and it will be selected by default)
2025-04-22 16:01:32,808 DEBUG o.h.t.d.s.s.DdlTypeRegistry [main] addDescriptor(6, org.hibernate.type.descriptor.sql.internal.CapacityDependentDdlType@2bfa17b0) replaced previous registration(org.hibernate.type.descriptor.sql.internal.DdlTypeImpl@625264ed)
2025-04-22 16:01:34,641 INFO o.h.e.t.j.p.i.JtaPlatformInitiator [main] HHH000489: No JTA platform available (set 'hibernate.transaction.jta.platform' to enable JTA platform integration)
2025-04-22 16:01:34,837 INFO o.s.o.j.AbstractEntityManagerFactoryBean [main] Initialized JPA EntityManagerFactory for persistence unit 'default'
2025-04-22 16:01:35,749 WARN o.s.b.a.o.j.JpaBaseConfiguration$JpaWebConfiguration [main] spring.jpa.open-in-view is enabled by default. Therefore, database queries may be performed during view rendering. Explicitly configure spring.jpa.open-in-view to disable this warning
2025-04-22 16:01:36,032 INFO o.s.b.a.w.s.WelcomePageHandlerMapping [main] Adding welcome page template: index
2025-04-22 16:01:37,122 INFO o.a.j.l.DirectJDKLog [main] Starting ProtocolHandler ["http-nio-8080"]
2025-04-22 16:01:37,206 INFO o.s.b.w.e.t.TomcatWebServer [main] Tomcat started on port(s): 8080 (http) with context path ''
2025-04-22 16:01:37,338 INFO o.s.b.StartupInfoLogger [main] Started UsuariosSpaApplication in 10.636 seconds (process running for 12.852)
2025-04-22 16:01:37,485 INFO o.a.j.l.DirectJDKLog [http-nio-8080-exec-1] Initializing Spring DispatcherServlet 'dispatcherServlet'
2025-04-22 16:01:37,486 INFO o.s.w.s.FrameworkServlet [http-nio-8080-exec-1] Initializing Servlet 'dispatcherServlet'
2025-04-22 16:01:37,493 INFO o.s.w.s.FrameworkServlet [http-nio-8080-exec-1] Completed initialization in 5 ms
2025-04-22 16:01:37,598 DEBUG c.e.u.s.UsuarioServiceImpl [http-nio-8080-exec-1] Filtrando usuarios por nombre: null, apellido: null, correo: null, edad: null
2025-04-22 16:01:37,817 DEBUG o.h.e.j.s.SqlStatementLogger [http-nio-8080-exec-1] 
    select
        u1_0.id,
        u1_0.apellido,
        u1_0.ciudad,
        u1_0.correo,
        u1_0.edad,
        u1_0.estado,
        u1_0.fecha_actualizacion,
        u1_0.fecha_creacion,
        u1_0.fecha_nacimiento,
        u1_0.grupo_trabajo_id,
        u1_0.nombre,
        u1_0.profesion,
        u1_0.provincia,
        u1_0.rol,
        u1_0.sexo,
        u1_0.version 
    from
        usuarios u1_0
2025-04-22 16:01:37,865 DEBUG c.e.u.s.UsuarioServiceImpl [http-nio-8080-exec-1] Se encontraron 4 usuarios que coinciden con los criterios de búsqueda
2025-04-22 16:01:40,533 DEBUG c.e.u.s.UsuarioServiceImpl [http-nio-8080-exec-2] Filtrando usuarios por nombre: null, apellido: null, correo: null, edad: null
2025-04-22 16:01:40,541 DEBUG o.h.e.j.s.SqlStatementLogger [http-nio-8080-exec-2] 
    select
        u1_0.id,
        u1_0.apellido,
        u1_0.ciudad,
        u1_0.correo,
        u1_0.edad,
        u1_0.estado,
        u1_0.fecha_actualizacion,
        u1_0.fecha_creacion,
        u1_0.fecha_nacimiento,
        u1_0.grupo_trabajo_id,
        u1_0.nombre,
        u1_0.profesion,
        u1_0.provincia,
        u1_0.rol,
        u1_0.sexo,
        u1_0.version 
    from
        usuarios u1_0
2025-04-22 16:01:40,552 DEBUG c.e.u.s.UsuarioServiceImpl [http-nio-8080-exec-2] Se encontraron 4 usuarios que coinciden con los criterios de búsqueda
2025-04-22 16:02:25,877 DEBUG c.e.u.s.UsuarioServiceImpl [http-nio-8080-exec-5] Buscando usuario con ID: 1
2025-04-22 16:02:25,904 DEBUG o.h.e.j.s.SqlStatementLogger [http-nio-8080-exec-5] 
    select
        u1_0.id,
        u1_0.apellido,
        u1_0.ciudad,
        u1_0.correo,
        u1_0.edad,
        u1_0.estado,
        u1_0.fecha_actualizacion,
        u1_0.fecha_creacion,
        u1_0.fecha_nacimiento,
        u1_0.grupo_trabajo_id,
        u1_0.nombre,
        u1_0.profesion,
        u1_0.provincia,
        u1_0.rol,
        u1_0.sexo,
        u1_0.version 
    from
        usuarios u1_0 
    where
        u1_0.id=?
2025-04-22 16:02:27,885 DEBUG c.e.u.s.UsuarioServiceImpl [http-nio-8080-exec-8] Filtrando usuarios por nombre: null, apellido: null, correo: null, edad: null
2025-04-22 16:02:27,890 DEBUG o.h.e.j.s.SqlStatementLogger [http-nio-8080-exec-8] 
    select
        u1_0.id,
        u1_0.apellido,
        u1_0.ciudad,
        u1_0.correo,
        u1_0.edad,
        u1_0.estado,
        u1_0.fecha_actualizacion,
        u1_0.fecha_creacion,
        u1_0.fecha_nacimiento,
        u1_0.grupo_trabajo_id,
        u1_0.nombre,
        u1_0.profesion,
        u1_0.provincia,
        u1_0.rol,
        u1_0.sexo,
        u1_0.version 
    from
        usuarios u1_0
2025-04-22 16:02:27,901 DEBUG c.e.u.s.UsuarioServiceImpl [http-nio-8080-exec-8] Se encontraron 4 usuarios que coinciden con los criterios de búsqueda
2025-04-22 16:02:31,389 DEBUG c.e.u.s.UsuarioServiceImpl [http-nio-8080-exec-9] Filtrando usuarios por nombre: null, apellido: null, correo: null, edad: null
2025-04-22 16:02:31,395 DEBUG o.h.e.j.s.SqlStatementLogger [http-nio-8080-exec-9] 
    select
        u1_0.id,
        u1_0.apellido,
        u1_0.ciudad,
        u1_0.correo,
        u1_0.edad,
        u1_0.estado,
        u1_0.fecha_actualizacion,
        u1_0.fecha_creacion,
        u1_0.fecha_nacimiento,
        u1_0.grupo_trabajo_id,
        u1_0.nombre,
        u1_0.profesion,
        u1_0.provincia,
        u1_0.rol,
        u1_0.sexo,
        u1_0.version 
    from
        usuarios u1_0
2025-04-22 16:02:31,408 DEBUG c.e.u.s.UsuarioServiceImpl [http-nio-8080-exec-9] Se encontraron 4 usuarios que coinciden con los criterios de búsqueda
2025-04-22 16:02:40,280 INFO c.e.u.c.UsuarioController [http-nio-8080-exec-3] Filtrando usuarios por nombre: null, apellido: null, correo: null, edad: null
2025-04-22 16:02:40,282 DEBUG c.e.u.s.UsuarioServiceImpl [http-nio-8080-exec-3] Filtrando usuarios por nombre: null, apellido: null, correo: null, edad: null
2025-04-22 16:02:40,286 DEBUG o.h.e.j.s.SqlStatementLogger [http-nio-8080-exec-3] 
    select
        u1_0.id,
        u1_0.apellido,
        u1_0.ciudad,
        u1_0.correo,
        u1_0.edad,
        u1_0.estado,
        u1_0.fecha_actualizacion,
        u1_0.fecha_creacion,
        u1_0.fecha_nacimiento,
        u1_0.grupo_trabajo_id,
        u1_0.nombre,
        u1_0.profesion,
        u1_0.provincia,
        u1_0.rol,
        u1_0.sexo,
        u1_0.version 
    from
        usuarios u1_0
2025-04-22 16:02:40,294 DEBUG c.e.u.s.UsuarioServiceImpl [http-nio-8080-exec-3] Se encontraron 4 usuarios que coinciden con los criterios de búsqueda
2025-04-22 16:02:40,304 INFO c.e.u.c.UsuarioController [http-nio-8080-exec-3] Se encontraron 4 usuarios que coinciden con los criterios de búsqueda
